<?xml version="1.0" encoding="UTF-8"?>
<!-- Generated by org.testng.reporters.JUnitReportReporter -->
<testsuite hostname="CodeBox" failures="0" tests="6" name="runner.MyRunner" time="0.730" errors="6" timestamp="2023-04-30T19:11:38 BST" skipped="0">
  <testcase classname="runner.MyRunner" name="runScenario" time="0.122">
    <error message="Cannot invoke &quot;String.equals(Object)&quot; because &quot;browserName&quot; is null" type="java.lang.NullPointerException">
      <![CDATA[java.lang.NullPointerException: Cannot invoke "String.equals(Object)" because "browserName" is null
at factory.DriverFactory.initializeBrowser(DriverFactory.java:17)
at hooks.ScenarioHooks.setUp(ScenarioHooks.java:18)
]]>
    </error>
  </testcase> <!-- runScenario -->
  <system-out/>
  <testcase classname="runner.MyRunner" name="runScenario" time="0.122">
    <error message="Cannot invoke &quot;String.equals(Object)&quot; because &quot;browserName&quot; is null" type="java.lang.NullPointerException">
      <![CDATA[java.lang.NullPointerException: Cannot invoke "String.equals(Object)" because "browserName" is null
at factory.DriverFactory.initializeBrowser(DriverFactory.java:17)
at hooks.ScenarioHooks.setUp(ScenarioHooks.java:18)
]]>
    </error>
  </testcase> <!-- runScenario -->
  <system-out/>
  <testcase classname="runner.MyRunner" name="runScenario" time="0.121">
    <error message="Cannot invoke &quot;String.equals(Object)&quot; because &quot;browserName&quot; is null" type="java.lang.NullPointerException">
      <![CDATA[java.lang.NullPointerException: Cannot invoke "String.equals(Object)" because "browserName" is null
at factory.DriverFactory.initializeBrowser(DriverFactory.java:17)
at hooks.ScenarioHooks.setUp(ScenarioHooks.java:18)
]]>
    </error>
  </testcase> <!-- runScenario -->
  <system-out/>
  <testcase classname="runner.MyRunner" name="runScenario" time="0.122">
    <error message="Cannot invoke &quot;String.equals(Object)&quot; because &quot;browserName&quot; is null" type="java.lang.NullPointerException">
      <![CDATA[java.lang.NullPointerException: Cannot invoke "String.equals(Object)" because "browserName" is null
at factory.DriverFactory.initializeBrowser(DriverFactory.java:17)
at hooks.ScenarioHooks.setUp(ScenarioHooks.java:18)
]]>
    </error>
  </testcase> <!-- runScenario -->
  <system-out/>
  <testcase classname="runner.MyRunner" name="runScenario" time="0.122">
    <error message="Cannot invoke &quot;String.equals(Object)&quot; because &quot;browserName&quot; is null" type="java.lang.NullPointerException">
      <![CDATA[java.lang.NullPointerException: Cannot invoke "String.equals(Object)" because "browserName" is null
at factory.DriverFactory.initializeBrowser(DriverFactory.java:17)
at hooks.ScenarioHooks.setUp(ScenarioHooks.java:18)
]]>
    </error>
  </testcase> <!-- runScenario -->
  <system-out/>
  <testcase classname="runner.MyRunner" name="runScenario" time="0.121">
    <error message="Cannot invoke &quot;String.equals(Object)&quot; because &quot;browserName&quot; is null" type="java.lang.NullPointerException">
      <![CDATA[java.lang.NullPointerException: Cannot invoke "String.equals(Object)" because "browserName" is null
at factory.DriverFactory.initializeBrowser(DriverFactory.java:17)
at hooks.ScenarioHooks.setUp(ScenarioHooks.java:18)
]]>
    </error>
  </testcase> <!-- runScenario -->
  <system-out/>
</testsuite> <!-- runner.MyRunner -->
