<?xml version="1.0" encoding="UTF-8"?>
<!-- Generated by org.testng.reporters.JUnitReportReporter -->
<testsuite hostname="CodeBox" failures="0" tests="5" name="runner.TestRunner" time="65.109" errors="0" timestamp="2023-05-06T15:11:47 BST" skipped="0">
  <testcase classname="runner.TestRunner" name="runScenario" time="13.094"/>
  <system-out/>
  <testcase classname="runner.TestRunner" name="runScenario" time="12.527"/>
  <system-out/>
  <testcase classname="runner.TestRunner" name="runScenario" time="12.492"/>
  <system-out/>
  <testcase classname="runner.TestRunner" name="runScenario" time="12.046"/>
  <system-out/>
  <testcase classname="runner.TestRunner" name="runScenario" time="14.950"/>
  <system-out/>
</testsuite> <!-- runner.TestRunner -->
